<?xml version="1.0" encoding="utf-8"?><testsuites name="pytest tests"><testsuite name="pytest" errors="0" failures="0" skipped="0" tests="8" time="0.610" timestamp="2026-01-15T10:48:40.180562+00:00" hostname="agent-env-6d8f0de4-5190-4b69-a67f-737d933eae6b"><testcase classname="tests.test_contact_details.TestContactDetailsAPI" name="test_get_customers_by_city_vilnius" time="0.069" /><testcase classname="tests.test_contact_details.TestContactDetailsAPI" name="test_get_customers_by_city_empty" time="0.045" /><testcase classname="tests.test_contact_details.TestContactDetailsAPI" name="test_get_customers_by_city_panevezys" time="0.042" /><testcase classname="tests.test_contact_details.TestContactDetailsAPI" name="test_get_all_customers" time="0.047" /><testcase classname="tests.test_contact_details.TestContactDetailsAPI" name="test_get_products_with_cities" time="0.086" /><testcase classname="tests.test_contact_details.TestContactDetailsAPI" name="test_get_issues_with_product_id" time="0.037" /><testcase classname="tests.test_contact_details.TestContactDetailsIntegration" name="test_issue_to_customer_lookup_flow" time="0.103" /><testcase classname="tests.test_contact_details.TestContactDetailsIntegration" name="test_technician_login_and_access" time="0.120" /></testsuite></testsuites>