<?xml version="1.0" encoding="utf-8"?><testsuites name="pytest tests"><testsuite name="pytest" errors="0" failures="14" skipped="0" tests="14" time="1.757" timestamp="2026-01-15T12:02:49.171826+00:00" hostname="agent-env-6d8f0de4-5190-4b69-a67f-737d933eae6b"><testcase classname="tests.test_model_type_feature.TestProductModelType" name="test_get_products_returns_model_type" time="0.165"><failure message="assert 401 == 200&#10; +  where 401 = &lt;Response [401]&gt;.status_code">tests/test_model_type_feature.py:20: in test_get_products_returns_model_type
    assert response.status_code == 200
E   assert 401 == 200
E    +  where 401 = &lt;Response [401]&gt;.status_code</failure></testcase><testcase classname="tests.test_model_type_feature.TestProductModelType" name="test_find_roll_in_stretcher_product" time="0.151"><failure message="assert 401 == 200&#10; +  where 401 = &lt;Response [401]&gt;.status_code">tests/test_model_type_feature.py:33: in test_find_roll_in_stretcher_product
    assert response.status_code == 200
E   assert 401 == 200
E    +  where 401 = &lt;Response [401]&gt;.status_code</failure></testcase><testcase classname="tests.test_model_type_feature.TestProductModelType" name="test_find_powered_stretcher_products" time="0.106"><failure message="assert 401 == 200&#10; +  where 401 = &lt;Response [401]&gt;.status_code">tests/test_model_type_feature.py:49: in test_find_powered_stretcher_products
    assert response.status_code == 200
E   assert 401 == 200
E    +  where 401 = &lt;Response [401]&gt;.status_code</failure></testcase><testcase classname="tests.test_model_type_feature.TestProductModelType" name="test_create_product_with_model_type_powered" time="0.098"><failure message="assert 401 == 200&#10; +  where 401 = &lt;Response [401]&gt;.status_code">tests/test_model_type_feature.py:69: in test_create_product_with_model_type_powered
    assert response.status_code == 200
E   assert 401 == 200
E    +  where 401 = &lt;Response [401]&gt;.status_code</failure></testcase><testcase classname="tests.test_model_type_feature.TestProductModelType" name="test_create_product_with_model_type_roll_in" time="0.096"><failure message="assert 401 == 200&#10; +  where 401 = &lt;Response [401]&gt;.status_code">tests/test_model_type_feature.py:91: in test_create_product_with_model_type_roll_in
    assert response.status_code == 200
E   assert 401 == 200
E    +  where 401 = &lt;Response [401]&gt;.status_code</failure></testcase><testcase classname="tests.test_model_type_feature.TestProductModelType" name="test_create_product_default_model_type" time="0.135"><failure message="assert 401 == 200&#10; +  where 401 = &lt;Response [401]&gt;.status_code">tests/test_model_type_feature.py:111: in test_create_product_default_model_type
    assert response.status_code == 200
E   assert 401 == 200
E    +  where 401 = &lt;Response [401]&gt;.status_code</failure></testcase><testcase classname="tests.test_model_type_feature.TestProductModelType" name="test_update_product_model_type" time="0.097"><failure message="assert 401 == 200&#10; +  where 401 = &lt;Response [401]&gt;.status_code">tests/test_model_type_feature.py:132: in test_update_product_model_type
    assert create_response.status_code == 200
E   assert 401 == 200
E    +  where 401 = &lt;Response [401]&gt;.status_code</failure></testcase><testcase classname="tests.test_model_type_feature.TestIssueWithModelType" name="test_create_issue_for_powered_stretcher" time="0.094"><failure message="AttributeError: 'str' object has no attribute 'get'">tests/test_model_type_feature.py:162: in test_create_issue_for_powered_stretcher
    powered_product = next((p for p in products if p.get("model_type") == "powered"), None)
                      ^^^^^^^^^^^^^^^^^^^^^^^^^^^^^^^^^^^^^^^^^^^^^^^^^^^^^^^^^^^^^^^^^^^^^
tests/test_model_type_feature.py:162: in &lt;genexpr&gt;
    powered_product = next((p for p in products if p.get("model_type") == "powered"), None)
                                                   ^^^^^
E   AttributeError: 'str' object has no attribute 'get'</failure></testcase><testcase classname="tests.test_model_type_feature.TestIssueWithModelType" name="test_create_issue_for_roll_in_stretcher" time="0.132"><failure message="AttributeError: 'str' object has no attribute 'get'">tests/test_model_type_feature.py:194: in test_create_issue_for_roll_in_stretcher
    roll_in_product = next((p for p in products if p.get("model_type") == "roll_in"), None)
                      ^^^^^^^^^^^^^^^^^^^^^^^^^^^^^^^^^^^^^^^^^^^^^^^^^^^^^^^^^^^^^^^^^^^^^
tests/test_model_type_feature.py:194: in &lt;genexpr&gt;
    roll_in_product = next((p for p in products if p.get("model_type") == "roll_in"), None)
                                                   ^^^^^
E   AttributeError: 'str' object has no attribute 'get'</failure></testcase><testcase classname="tests.test_model_type_feature.TestIssueWithModelType" name="test_get_issues_with_product_model_type" time="0.100"><failure message="assert 401 == 200&#10; +  where 401 = &lt;Response [401]&gt;.status_code">tests/test_model_type_feature.py:225: in test_get_issues_with_product_model_type
    assert issues_response.status_code == 200
E   assert 401 == 200
E    +  where 401 = &lt;Response [401]&gt;.status_code</failure></testcase><testcase classname="tests.test_model_type_feature.TestProductFiltering" name="test_products_have_city_field" time="0.103"><failure message="assert 401 == 200&#10; +  where 401 = &lt;Response [401]&gt;.status_code">tests/test_model_type_feature.py:248: in test_products_have_city_field
    assert response.status_code == 200
E   assert 401 == 200
E    +  where 401 = &lt;Response [401]&gt;.status_code</failure></testcase><testcase classname="tests.test_model_type_feature.TestProductFiltering" name="test_products_by_city_distribution" time="0.095"><failure message="assert 401 == 200&#10; +  where 401 = &lt;Response [401]&gt;.status_code">tests/test_model_type_feature.py:258: in test_products_by_city_distribution
    assert response.status_code == 200
E   assert 401 == 200
E    +  where 401 = &lt;Response [401]&gt;.status_code</failure></testcase><testcase classname="tests.test_model_type_feature.TestProductFiltering" name="test_products_by_model_type_distribution" time="0.134"><failure message="assert 401 == 200&#10; +  where 401 = &lt;Response [401]&gt;.status_code">tests/test_model_type_feature.py:272: in test_products_by_model_type_distribution
    assert response.status_code == 200
E   assert 401 == 200
E    +  where 401 = &lt;Response [401]&gt;.status_code</failure></testcase><testcase classname="tests.test_model_type_feature.TestCustomerIssueEndpoint" name="test_create_customer_issue" time="0.104"><failure message="KeyError: 0">tests/test_model_type_feature.py:296: in test_create_customer_issue
    product = products[0]
              ^^^^^^^^^^^
E   KeyError: 0</failure></testcase></testsuite></testsuites>