<?xml version="1.0" encoding="utf-8"?><testsuites name="pytest tests"><testsuite name="pytest" errors="0" failures="1" skipped="1" tests="9" time="0.809" timestamp="2026-01-14T22:09:31.511731+00:00" hostname="agent-env-d741e764-93c9-4c0a-b5e5-217211e81536"><testcase classname="tests.test_simplified_warranty_workflow.TestSimplifiedWarrantyWorkflow" name="test_01_verify_in_service_issue_exists" time="0.067"><failure message="AssertionError: No in_service issues found&#10;assert 0 &gt;= 1&#10; +  where 0 = len([])">tests/test_simplified_warranty_workflow.py:53: in test_01_verify_in_service_issue_exists
    assert len(in_service_issues) &gt;= 1, "No in_service issues found"
E   AssertionError: No in_service issues found
E   assert 0 &gt;= 1
E    +  where 0 = len([])</failure></testcase><testcase classname="tests.test_simplified_warranty_workflow.TestSimplifiedWarrantyWorkflow" name="test_02_verify_no_child_issues_created" time="0.051" /><testcase classname="tests.test_simplified_warranty_workflow.TestSimplifiedWarrantyWorkflow" name="test_03_verify_repair_attempts_structure" time="0.050" /><testcase classname="tests.test_simplified_warranty_workflow.TestSimplifiedWarrantyWorkflow" name="test_04_start_repair_action" time="0.050"><skipped type="pytest.skip" message="No in_service warranty issue found">/app/tests/test_simplified_warranty_workflow.py:125: No in_service warranty issue found</skipped></testcase><testcase classname="tests.test_simplified_warranty_workflow.TestSimplifiedWarrantyWorkflow" name="test_05_complete_repair_action" time="0.119" /><testcase classname="tests.test_simplified_warranty_workflow.TestSimplifiedWarrantyWorkflow" name="test_06_same_issue_code_throughout" time="0.038" /><testcase classname="tests.test_simplified_warranty_workflow.TestServicesPageSections" name="test_01_get_technician_issues" time="0.084" /><testcase classname="tests.test_simplified_warranty_workflow.TestServicesPageSections" name="test_02_verify_awaiting_repair_card" time="0.045" /><testcase classname="tests.test_simplified_warranty_workflow.TestCreateWarrantyIssueWorkflow" name="test_full_warranty_workflow" time="0.234" /></testsuite></testsuites>