<?xml version="1.0" encoding="utf-8"?><testsuites name="pytest tests"><testsuite name="pytest" errors="0" failures="0" skipped="0" tests="12" time="1.060" timestamp="2026-01-14T16:26:38.288232+00:00" hostname="agent-env-3a94f908-c6a8-495c-8d99-568765ab09c9"><testcase classname="tests.test_technician_customer_portals.TestCustomerPortalFeatures" name="test_customer_login" time="0.098" /><testcase classname="tests.test_technician_customer_portals.TestCustomerPortalFeatures" name="test_get_issues_for_filtering" time="0.044" /><testcase classname="tests.test_technician_customer_portals.TestCustomerPortalFeatures" name="test_issues_have_three_dates_for_resolved" time="0.044" /><testcase classname="tests.test_technician_customer_portals.TestCustomerPortalFeatures" name="test_issues_sorted_by_date" time="0.043" /><testcase classname="tests.test_technician_customer_portals.TestCustomerPortalFeatures" name="test_products_for_city_filter" time="0.047" /><testcase classname="tests.test_technician_customer_portals.TestTechnicianPortalFeatures" name="test_technician_login" time="0.074" /><testcase classname="tests.test_technician_customer_portals.TestTechnicianPortalFeatures" name="test_get_scheduled_maintenance_for_calendar" time="0.047" /><testcase classname="tests.test_technician_customer_portals.TestTechnicianPortalFeatures" name="test_get_issues_for_services_page" time="0.084" /><testcase classname="tests.test_technician_customer_portals.TestTechnicianPortalFeatures" name="test_mark_issue_in_progress" time="0.106" /><testcase classname="tests.test_technician_customer_portals.TestTechnicianPortalFeatures" name="test_resolve_issue" time="0.101" /><testcase classname="tests.test_technician_customer_portals.TestTechnicianPortalFeatures" name="test_update_scheduled_maintenance_status" time="0.110" /><testcase classname="tests.test_technician_customer_portals.TestEndToEndWorkflow" name="test_complete_workflow" time="0.212" /></testsuite></testsuites>