<?xml version="1.0" encoding="utf-8"?><testsuites name="pytest tests"><testsuite name="pytest" errors="0" failures="0" skipped="0" tests="11" time="0.781" timestamp="2026-01-14T21:39:42.256946+00:00" hostname="agent-env-d741e764-93c9-4c0a-b5e5-217211e81536"><testcase classname="tests.test_technician_workflow_v2.TestTechnicianWorkflow" name="test_01_technician_login" time="0.103" /><testcase classname="tests.test_technician_workflow_v2.TestTechnicianWorkflow" name="test_02_get_issues_and_calendar" time="0.050" /><testcase classname="tests.test_technician_workflow_v2.TestTechnicianWorkflow" name="test_03_verify_issue_on_calendar_only_initially" time="0.061" /><testcase classname="tests.test_technician_workflow_v2.TestTechnicianWorkflow" name="test_04_start_work_moves_to_services" time="0.096" /><testcase classname="tests.test_technician_workflow_v2.TestTechnicianWorkflow" name="test_05_resolve_as_warranty_creates_child" time="0.068" /><testcase classname="tests.test_technician_workflow_v2.TestTechnicianWorkflow" name="test_06_service_records_shows_parent_and_child" time="0.088" /><testcase classname="tests.test_technician_workflow_v2.TestTechnicianWorkflow" name="test_07_continue_button_for_repair_tasks" time="0.057" /><testcase classname="tests.test_technician_workflow_v2.TestTechnicianWorkflow" name="test_08_timer_shows_24h_countdown" time="0.044" /><testcase classname="tests.test_technician_workflow_v2.TestTechnicianWorkflow" name="test_09_complete_repair_resolves_both" time="0.069" /><testcase classname="tests.test_technician_workflow_v2.TestExistingTestData" name="test_find_test_issues" time="0.043" /><testcase classname="tests.test_technician_workflow_v2.TestExistingTestData" name="test_verify_technician_1_data" time="0.048" /></testsuite></testsuites>