<?xml version="1.0" encoding="utf-8"?><testsuites name="pytest tests"><testsuite name="pytest" errors="0" failures="0" skipped="0" tests="7" time="0.357" timestamp="2026-01-15T08:30:15.869732+00:00" hostname="agent-env-69e14dc1-5534-4366-ac86-58c287e9e4b5"><testcase classname="tests.test_translations_api.TestTranslationsAPI" name="test_get_available_languages" time="0.058" /><testcase classname="tests.test_translations_api.TestTranslationsAPI" name="test_get_english_translations" time="0.033" /><testcase classname="tests.test_translations_api.TestTranslationsAPI" name="test_get_lithuanian_translations" time="0.034" /><testcase classname="tests.test_translations_api.TestTranslationsAPI" name="test_translations_fallback_to_english" time="0.033" /><testcase classname="tests.test_translations_api.TestTranslationsAPI" name="test_validate_lithuanian_translations" time="0.035" /><testcase classname="tests.test_translations_api.TestTranslationsAPI" name="test_translations_no_auth_required" time="0.041" /><testcase classname="tests.test_translations_api.TestTranslationsAPI" name="test_translation_structure_completeness" time="0.071" /></testsuite></testsuites>