<?xml version="1.0" encoding="utf-8"?><testsuites name="pytest tests"><testsuite name="pytest" errors="0" failures="1" skipped="1" tests="14" time="2.062" timestamp="2026-01-15T12:03:51.665011+00:00" hostname="agent-env-6d8f0de4-5190-4b69-a67f-737d933eae6b"><testcase classname="tests.test_model_type_feature.TestProductModelType" name="test_get_products_returns_model_type" time="0.204" /><testcase classname="tests.test_model_type_feature.TestProductModelType" name="test_find_roll_in_stretcher_product" time="0.121"><failure message="AssertionError: Should have at least one roll_in stretcher product&#10;assert 0 &gt; 0&#10; +  where 0 = len([])">tests/test_model_type_feature.py:57: in test_find_roll_in_stretcher_product
    assert len(roll_in_products) &gt; 0, "Should have at least one roll_in stretcher product"
E   AssertionError: Should have at least one roll_in stretcher product
E   assert 0 &gt; 0
E    +  where 0 = len([])</failure></testcase><testcase classname="tests.test_model_type_feature.TestProductModelType" name="test_find_powered_stretcher_products" time="0.109" /><testcase classname="tests.test_model_type_feature.TestProductModelType" name="test_create_product_with_model_type_powered" time="0.146" /><testcase classname="tests.test_model_type_feature.TestProductModelType" name="test_create_product_with_model_type_roll_in" time="0.139" /><testcase classname="tests.test_model_type_feature.TestProductModelType" name="test_create_product_default_model_type" time="0.134" /><testcase classname="tests.test_model_type_feature.TestProductModelType" name="test_update_product_model_type" time="0.175" /><testcase classname="tests.test_model_type_feature.TestIssueWithModelType" name="test_create_issue_for_powered_stretcher" time="0.172" /><testcase classname="tests.test_model_type_feature.TestIssueWithModelType" name="test_create_issue_for_roll_in_stretcher" time="0.107"><skipped type="pytest.skip" message="No roll-in stretcher product found">/app/tests/test_model_type_feature.py:216: No roll-in stretcher product found</skipped></testcase><testcase classname="tests.test_model_type_feature.TestIssueWithModelType" name="test_get_issues_with_product_model_type" time="0.144" /><testcase classname="tests.test_model_type_feature.TestProductFiltering" name="test_products_have_city_field" time="0.100" /><testcase classname="tests.test_model_type_feature.TestProductFiltering" name="test_products_by_city_distribution" time="0.102" /><testcase classname="tests.test_model_type_feature.TestProductFiltering" name="test_products_by_model_type_distribution" time="0.097" /><testcase classname="tests.test_model_type_feature.TestCustomerIssueEndpoint" name="test_create_customer_issue" time="0.222" /></testsuite></testsuites>