<?xml version="1.0" encoding="utf-8"?><testsuites name="pytest tests"><testsuite name="pytest" errors="0" failures="0" skipped="0" tests="14" time="2.014" timestamp="2026-01-15T12:04:31.025598+00:00" hostname="agent-env-6d8f0de4-5190-4b69-a67f-737d933eae6b"><testcase classname="tests.test_model_type_feature.TestProductModelType" name="test_get_products_returns_model_type" time="0.159" /><testcase classname="tests.test_model_type_feature.TestProductModelType" name="test_find_roll_in_stretcher_product" time="0.110" /><testcase classname="tests.test_model_type_feature.TestProductModelType" name="test_find_powered_stretcher_products" time="0.105" /><testcase classname="tests.test_model_type_feature.TestProductModelType" name="test_create_product_with_model_type_powered" time="0.140" /><testcase classname="tests.test_model_type_feature.TestProductModelType" name="test_create_product_with_model_type_roll_in" time="0.146" /><testcase classname="tests.test_model_type_feature.TestProductModelType" name="test_create_product_default_model_type" time="0.136" /><testcase classname="tests.test_model_type_feature.TestProductModelType" name="test_update_product_model_type" time="0.178" /><testcase classname="tests.test_model_type_feature.TestIssueWithModelType" name="test_create_issue_for_powered_stretcher" time="0.180" /><testcase classname="tests.test_model_type_feature.TestIssueWithModelType" name="test_create_issue_for_roll_in_stretcher" time="0.186" /><testcase classname="tests.test_model_type_feature.TestIssueWithModelType" name="test_get_issues_with_product_model_type" time="0.136" /><testcase classname="tests.test_model_type_feature.TestProductFiltering" name="test_products_have_city_field" time="0.104" /><testcase classname="tests.test_model_type_feature.TestProductFiltering" name="test_products_by_city_distribution" time="0.100" /><testcase classname="tests.test_model_type_feature.TestProductFiltering" name="test_products_by_model_type_distribution" time="0.098" /><testcase classname="tests.test_model_type_feature.TestCustomerIssueEndpoint" name="test_create_customer_issue" time="0.182" /></testsuite></testsuites>