<?xml version="1.0" encoding="utf-8"?><testsuites name="pytest tests"><testsuite name="pytest" errors="0" failures="1" skipped="0" tests="8" time="2.073" timestamp="2026-01-14T20:05:11.996408+00:00" hostname="agent-env-d741e764-93c9-4c0a-b5e5-217211e81536"><testcase classname="tests.test_warranty_workflow.TestWarrantyWorkflow" name="test_01_get_all_issues" time="0.061" /><testcase classname="tests.test_warranty_workflow.TestWarrantyWorkflow" name="test_02_verify_in_service_no_duplicates" time="0.046" /><testcase classname="tests.test_warranty_workflow.TestWarrantyWorkflow" name="test_03_get_issue_track" time="0.069" /><testcase classname="tests.test_warranty_workflow.TestWarrantyWorkflow" name="test_04_assign_technician_via_track" time="0.107" /><testcase classname="tests.test_warranty_workflow.TestWarrantyWorkflow" name="test_05_verify_calendar_entry_created" time="0.059"><failure message="AssertionError: No calendar entry found for warranty issue 2026_PNV-001_01_14_6&#10;assert 0 &gt;= 1&#10; +  where 0 = len([])">tests/test_warranty_workflow.py:181: in test_05_verify_calendar_entry_created
    assert len(matching_entries) &gt;= 1, f"No calendar entry found for warranty issue {issue.get('issue_code')}"
E   AssertionError: No calendar entry found for warranty issue 2026_PNV-001_01_14_6
E   assert 0 &gt;= 1
E    +  where 0 = len([])</failure></testcase><testcase classname="tests.test_warranty_workflow.TestWarrantyWorkflow" name="test_06_technician_can_see_warranty_tasks" time="0.130" /><testcase classname="tests.test_warranty_workflow.TestWarrantyWorkflow" name="test_07_complete_warranty_workflow" time="1.493" /><testcase classname="tests.test_warranty_workflow.TestInServiceTabDisplay" name="test_in_service_count_matches_display" time="0.039" /></testsuite></testsuites>