<?xml version="1.0" encoding="utf-8"?><testsuites name="pytest tests"><testsuite name="pytest" errors="0" failures="0" skipped="0" tests="8" time="0.878" timestamp="2026-01-14T20:05:51.685937+00:00" hostname="agent-env-d741e764-93c9-4c0a-b5e5-217211e81536"><testcase classname="tests.test_warranty_workflow.TestWarrantyWorkflow" name="test_01_get_all_issues" time="0.074" /><testcase classname="tests.test_warranty_workflow.TestWarrantyWorkflow" name="test_02_verify_in_service_no_duplicates" time="0.062" /><testcase classname="tests.test_warranty_workflow.TestWarrantyWorkflow" name="test_03_get_issue_track" time="0.053" /><testcase classname="tests.test_warranty_workflow.TestWarrantyWorkflow" name="test_04_assign_technician_via_track" time="0.102" /><testcase classname="tests.test_warranty_workflow.TestWarrantyWorkflow" name="test_05_verify_calendar_entry_created" time="0.063" /><testcase classname="tests.test_warranty_workflow.TestWarrantyWorkflow" name="test_06_technician_can_see_warranty_tasks" time="0.095" /><testcase classname="tests.test_warranty_workflow.TestWarrantyWorkflow" name="test_07_complete_warranty_workflow" time="0.287" /><testcase classname="tests.test_warranty_workflow.TestInServiceTabDisplay" name="test_in_service_count_matches_display" time="0.082" /></testsuite></testsuites>